Using pre-set license
Built from '2022.3/staging' branch; Version is '2022.3.14f1 (eff2de9070d8) revision 15725278'; Using compiler version '192829333'; Build Type 'Release'
OS: 'Windows 11  (10.0.22621) 64bit Core' Language: 'en' Physical Memory: 32681 MB
BatchMode: 1, IsHumanControllingUs: 0, StartBugReporterOnCrash: 0, Is64bit: 1, IsPro: 1

COMMAND LINE ARGUMENTS:
C:\Program Files\Unity\Hub\Editor\2022.3.14f1\Editor\Unity.exe
-adb2
-batchMode
-noUpm
-name
AssetImportWorker3
-projectPath
C:/Users/greyh/MergeTryAgain/MergeMastersRepo/Merge
-logFile
Logs/AssetImportWorker3.log
-srvPort
58556
Successfully changed project path to: C:/Users/greyh/MergeTryAgain/MergeMastersRepo/Merge
C:/Users/greyh/MergeTryAgain/MergeMastersRepo/Merge
[UnityMemory] Configuration Parameters - Can be set up in boot.config
    "memorysetup-bucket-allocator-granularity=16"
    "memorysetup-bucket-allocator-bucket-count=8"
    "memorysetup-bucket-allocator-block-size=33554432"
    "memorysetup-bucket-allocator-block-count=8"
    "memorysetup-main-allocator-block-size=16777216"
    "memorysetup-thread-allocator-block-size=16777216"
    "memorysetup-gfx-main-allocator-block-size=16777216"
    "memorysetup-gfx-thread-allocator-block-size=16777216"
    "memorysetup-cache-allocator-block-size=4194304"
    "memorysetup-typetree-allocator-block-size=2097152"
    "memorysetup-profiler-bucket-allocator-granularity=16"
    "memorysetup-profiler-bucket-allocator-bucket-count=8"
    "memorysetup-profiler-bucket-allocator-block-size=33554432"
    "memorysetup-profiler-bucket-allocator-block-count=8"
    "memorysetup-profiler-allocator-block-size=16777216"
    "memorysetup-profiler-editor-allocator-block-size=1048576"
    "memorysetup-temp-allocator-size-main=16777216"
    "memorysetup-job-temp-allocator-block-size=2097152"
    "memorysetup-job-temp-allocator-block-size-background=1048576"
    "memorysetup-job-temp-allocator-reduction-small-platforms=262144"
    "memorysetup-allocator-temp-initial-block-size-main=262144"
    "memorysetup-allocator-temp-initial-block-size-worker=262144"
    "memorysetup-temp-allocator-size-background-worker=32768"
    "memorysetup-temp-allocator-size-job-worker=262144"
    "memorysetup-temp-allocator-size-preload-manager=33554432"
    "memorysetup-temp-allocator-size-nav-mesh-worker=65536"
    "memorysetup-temp-allocator-size-audio-worker=65536"
    "memorysetup-temp-allocator-size-cloud-worker=32768"
    "memorysetup-temp-allocator-size-gi-baking-worker=262144"
    "memorysetup-temp-allocator-size-gfx=262144"
Player connection [6400] Host "[IP] 192.168.86.49 [Port] 0 [Flags] 2 [Guid] 1355012563 [EditorId] 1355012563 [Version] 1048832 [Id] WindowsEditor(7,Grey) [Debug] 1 [PackageName] WindowsEditor [ProjectName] Editor" joined multi-casting on [225.0.0.222:54997]...

Player connection [6400] Host "[IP] 192.168.86.49 [Port] 0 [Flags] 2 [Guid] 1355012563 [EditorId] 1355012563 [Version] 1048832 [Id] WindowsEditor(7,Grey) [Debug] 1 [PackageName] WindowsEditor [ProjectName] Editor" joined alternative multi-casting on [225.0.0.222:34997]...

[Physics::Module] Initialized MultithreadedJobDispatcher with 11 workers.
Refreshing native plugins compatible for Editor in 18.72 ms, found 4 plugins.
Preloading 0 native plugins for Editor in 0.00 ms.
Initialize engine version: 2022.3.14f1 (eff2de9070d8)
[Subsystems] Discovering subsystems at path C:/Program Files/Unity/Hub/Editor/2022.3.14f1/Editor/Data/Resources/UnitySubsystems
[Subsystems] Discovering subsystems at path C:/Users/greyh/MergeTryAgain/MergeMastersRepo/Merge/Assets
GfxDevice: creating device client; threaded=0; jobified=0
Direct3D:
    Version:  Direct3D 11.0 [level 11.1]
    Renderer: NVIDIA GeForce RTX 3060 Ti (ID=0x2489)
    Vendor:   NVIDIA
    VRAM:     8038 MB
    Driver:   31.0.15.4617
Initialize mono
Mono path[0] = 'C:/Program Files/Unity/Hub/Editor/2022.3.14f1/Editor/Data/Managed'
Mono path[1] = 'C:/Program Files/Unity/Hub/Editor/2022.3.14f1/Editor/Data/MonoBleedingEdge/lib/mono/unityjit-win32'
Mono config path = 'C:/Program Files/Unity/Hub/Editor/2022.3.14f1/Editor/Data/MonoBleedingEdge/etc'
Using monoOptions --debugger-agent=transport=dt_socket,embedding=1,server=y,suspend=n,address=127.0.0.1:56320
Begin MonoManager ReloadAssembly
Registering precompiled unity dll's ...
Register platform support module: C:/Program Files/Unity/Hub/Editor/2022.3.14f1/Editor/Data/PlaybackEngines/WebGLSupport/UnityEditor.WebGL.Extensions.dll
Register platform support module: C:/Program Files/Unity/Hub/Editor/2022.3.14f1/Editor/Data/PlaybackEngines/iOSSupport/UnityEditor.iOS.Extensions.dll
Register platform support module: C:/Program Files/Unity/Hub/Editor/2022.3.14f1/Editor/Data/PlaybackEngines/WindowsStandaloneSupport/UnityEditor.WindowsStandalone.Extensions.dll
Registered in 0.011705 seconds.
- Loaded All Assemblies, in  0.367 seconds
Native extension for WindowsStandalone target not found
[usbmuxd] Start listen thread
[usbmuxd] Listen thread started
Native extension for iOS target not found
Native extension for WebGL target not found
Mono: successfully reloaded assembly
- Finished resetting the current domain, in  0.261 seconds
Domain Reload Profiling: 626ms
	BeginReloadAssembly (112ms)
		ExecutionOrderSort (0ms)
		DisableScriptedObjects (0ms)
		BackupInstance (0ms)
		ReleaseScriptingObjects (0ms)
		CreateAndSetChildDomain (1ms)
	RebuildCommonClasses (37ms)
	RebuildNativeTypeToScriptingClass (16ms)
	initialDomainReloadingComplete (66ms)
	LoadAllAssembliesAndSetupDomain (135ms)
		LoadAssemblies (108ms)
		RebuildTransferFunctionScriptingTraits (0ms)
		AnalyzeDomain (133ms)
			TypeCache.Refresh (131ms)
				TypeCache.ScanAssembly (119ms)
			ScanForSourceGeneratedMonoScriptInfo (0ms)
			ResolveRequiredComponents (0ms)
	FinalizeReload (262ms)
		ReleaseScriptCaches (0ms)
		RebuildScriptCaches (0ms)
		SetupLoadedEditorAssemblies (205ms)
			LogAssemblyErrors (0ms)
			InitializePlatformSupportModulesInManaged (29ms)
			SetLoadedEditorAssemblies (5ms)
			RefreshPlugins (0ms)
			BeforeProcessingInitializeOnLoad (2ms)
			ProcessInitializeOnLoadAttributes (123ms)
			ProcessInitializeOnLoadMethodAttributes (46ms)
			AfterProcessingInitializeOnLoad (0ms)
			EditorAssembliesLoaded (0ms)
		ExecutionOrderSort2 (0ms)
		AwakeInstancesAfterBackupRestoration (0ms)
========================================================================
Worker process is ready to serve import requests
Begin MonoManager ReloadAssembly
- Loaded All Assemblies, in  0.660 seconds
Refreshing native plugins compatible for Editor in 10.74 ms, found 4 plugins.
Native extension for WindowsStandalone target not found
Native extension for iOS target not found
Native extension for WebGL target not found
Package Manager log level set to [2]
[Package Manager] Server::EnsureServerProcessIsRunning -- launch failed, reason: Unity was launched with the -noUpm command-line argument
[Package Manager] UpmClient::Send -- Unable to send message (not connected to UPM process).
[Package Manager] Cannot connect to Unity Package Manager local server
Mono: successfully reloaded assembly
- Finished resetting the current domain, in  0.631 seconds
Domain Reload Profiling: 1285ms
	BeginReloadAssembly (145ms)
		ExecutionOrderSort (0ms)
		DisableScriptedObjects (5ms)
		BackupInstance (0ms)
		ReleaseScriptingObjects (0ms)
		CreateAndSetChildDomain (20ms)
	RebuildCommonClasses (34ms)
	RebuildNativeTypeToScriptingClass (11ms)
	initialDomainReloadingComplete (49ms)
	LoadAllAssembliesAndSetupDomain (414ms)
		LoadAssemblies (314ms)
		RebuildTransferFunctionScriptingTraits (0ms)
		AnalyzeDomain (184ms)
			TypeCache.Refresh (154ms)
				TypeCache.ScanAssembly (138ms)
			ScanForSourceGeneratedMonoScriptInfo (25ms)
			ResolveRequiredComponents (5ms)
	FinalizeReload (632ms)
		ReleaseScriptCaches (0ms)
		RebuildScriptCaches (0ms)
		SetupLoadedEditorAssemblies (457ms)
			LogAssemblyErrors (0ms)
			InitializePlatformSupportModulesInManaged (23ms)
			SetLoadedEditorAssemblies (3ms)
			RefreshPlugins (0ms)
			BeforeProcessingInitializeOnLoad (74ms)
			ProcessInitializeOnLoadAttributes (306ms)
			ProcessInitializeOnLoadMethodAttributes (38ms)
			AfterProcessingInitializeOnLoad (12ms)
			EditorAssembliesLoaded (0ms)
		ExecutionOrderSort2 (0ms)
		AwakeInstancesAfterBackupRestoration (7ms)
Launched and connected shader compiler UnityShaderCompiler.exe after 0.06 seconds
Refreshing native plugins compatible for Editor in 9.03 ms, found 4 plugins.
Preloading 0 native plugins for Editor in 0.00 ms.
Unloading 4152 Unused Serialized files (Serialized files now loaded: 0)
Unloading 84 unused Assets / (251.6 KB). Loaded Objects now: 4597.
Memory consumption went from 150.8 MB to 150.5 MB.
Total: 3.342200 ms (FindLiveObjects: 0.323300 ms CreateObjectMapping: 0.112400 ms MarkObjects: 2.693200 ms  DeleteObjects: 0.212400 ms)

AssetImportParameters requested are different than current active one (requested -> active):
  custom:container-demuxer-ogg: 62fdf1f143b41e24485cea50d1cbac27 -> 
  custom:video-codec-MediaFoundation-h265: 746d11721c4dcdbdad8f713fa42b33f4 -> 
  custom:video-decoder-ogg-theora: a1e56fd34408186e4bbccfd4996cb3dc -> 
  custom:framework-win-MediaFoundation: 216162199b28c13a410421893ffa2e32 -> 
  custom:CustomObjectIndexerAttribute: 756ad292c208cfabdd7b50bc23989ffe -> 
  custom:container-demuxer-webm: 4f35f7cbe854078d1ac9338744f61a02 -> 
  custom:container-muxer-webm: aa71ff27fc2769a1b78a27578f13a17b -> 
  custom:video-decoder-webm-vp8: 9c59270c3fd7afecdb556c50c9e8de78 -> 
  custom:SearchIndexIgnoredProperties: e643bd26f0fe6173181afceb89e7c659 -> 
  custom:AudioImporter_EditorPlatform: d09bf68614088b80899f8185d706f6e7 -> 
  custom:video-encoder-webm-vp8: eb34c28f22e8b96e1ab97ce403110664 -> 
  custom:audio-decoder-ogg-vorbis: bf7c407c2cedff20999df2af8eb42d56 -> 
  custom:audio-encoder-webm-vorbis: bf7c407c2cedff20999df2af8eb42d56 -> 
========================================================================
Received Import Request.
  Time since last request: 49682.616032 seconds.
  path: Assets/Audio/Drop.mp3
  artifactKey: Guid(47d2dad8b2d848c48b20ca90a8166f34) Importer(815301076,1909f56bfc062723c751e8b465ee728b)
Start importing Assets/Audio/Drop.mp3 using Guid(47d2dad8b2d848c48b20ca90a8166f34) Importer(815301076,1909f56bfc062723c751e8b465ee728b)  -> (artifact id: '8904ff4f4d1e37af5dbed0bf30c17003') in 0.111643 seconds
Number of updated asset objects reloaded before import = 0
Number of asset objects unloaded after import = 2
========================================================================
Received Import Request.
  Time since last request: 11.505932 seconds.
  path: Assets/Audio/Drop.mp3
  artifactKey: Guid(47d2dad8b2d848c48b20ca90a8166f34) Importer(815301076,1909f56bfc062723c751e8b465ee728b)
Start importing Assets/Audio/Drop.mp3 using Guid(47d2dad8b2d848c48b20ca90a8166f34) Importer(815301076,1909f56bfc062723c751e8b465ee728b)  -> (artifact id: '62a8adf77e406105b0194b3723b3f29f') in 0.007185 seconds
Number of updated asset objects reloaded before import = 0
Number of asset objects unloaded after import = 2
========================================================================
Received Import Request.
  Time since last request: 0.000016 seconds.
  path: Assets/Audio/whoosh-6316.mp3
  artifactKey: Guid(eddfa219745436141a8e5afcdf0f9a8e) Importer(815301076,1909f56bfc062723c751e8b465ee728b)
Start importing Assets/Audio/whoosh-6316.mp3 using Guid(eddfa219745436141a8e5afcdf0f9a8e) Importer(815301076,1909f56bfc062723c751e8b465ee728b)  -> (artifact id: '1af93f7a1545e1b1dd40fb36c4eb9bc5') in 0.006732 seconds
Number of updated asset objects reloaded before import = 0
Number of asset objects unloaded after import = 2
========================================================================
Received Import Request.
  Time since last request: 0.000017 seconds.
  path: Assets/Audio/pop-39222.mp3
  artifactKey: Guid(2a6f0048d8b3d3043bfb8d4f4205b05b) Importer(815301076,1909f56bfc062723c751e8b465ee728b)
Start importing Assets/Audio/pop-39222.mp3 using Guid(2a6f0048d8b3d3043bfb8d4f4205b05b) Importer(815301076,1909f56bfc062723c751e8b465ee728b)  -> (artifact id: 'e1169c5b02795e3f90e29492a66dbf6d') in 0.005604 seconds
Number of updated asset objects reloaded before import = 0
Number of asset objects unloaded after import = 2
========================================================================
Received Prepare
Refreshing native plugins compatible for Editor in 13.21 ms, found 4 plugins.
Preloading 0 native plugins for Editor in 0.00 ms.
Unloading 6 Unused Serialized files (Serialized files now loaded: 0)
Unloading 7 unused Assets / (195.3 KB). Loaded Objects now: 4608.
Memory consumption went from 87.0 MB to 86.8 MB.
Total: 4.301600 ms (FindLiveObjects: 0.566900 ms CreateObjectMapping: 0.147600 ms MarkObjects: 3.408600 ms  DeleteObjects: 0.177300 ms)

Prepare: number of updated asset objects reloaded= 0
AssetImportParameters requested are different than current active one (requested -> active):
  custom:container-demuxer-ogg: 62fdf1f143b41e24485cea50d1cbac27 -> 
  custom:video-codec-MediaFoundation-h265: 746d11721c4dcdbdad8f713fa42b33f4 -> 
  custom:video-decoder-ogg-theora: a1e56fd34408186e4bbccfd4996cb3dc -> 
  custom:framework-win-MediaFoundation: 216162199b28c13a410421893ffa2e32 -> 
  custom:CustomObjectIndexerAttribute: 756ad292c208cfabdd7b50bc23989ffe -> 
  custom:container-demuxer-webm: 4f35f7cbe854078d1ac9338744f61a02 -> 
  custom:container-muxer-webm: aa71ff27fc2769a1b78a27578f13a17b -> 
  custom:video-decoder-webm-vp8: 9c59270c3fd7afecdb556c50c9e8de78 -> 
  custom:SearchIndexIgnoredProperties: e643bd26f0fe6173181afceb89e7c659 -> 
  custom:AudioImporter_EditorPlatform: d09bf68614088b80899f8185d706f6e7 -> 
  custom:video-encoder-webm-vp8: eb34c28f22e8b96e1ab97ce403110664 -> 
  custom:audio-decoder-ogg-vorbis: bf7c407c2cedff20999df2af8eb42d56 -> 
  custom:audio-encoder-webm-vorbis: bf7c407c2cedff20999df2af8eb42d56 -> 
========================================================================
Received Import Request.
  Time since last request: 169.437358 seconds.
  path: Assets/Art/GameArt/Arrow.png
  artifactKey: Guid(9b71d4dac9720144d87278dc1d544555) Importer(815301076,1909f56bfc062723c751e8b465ee728b)
Start importing Assets/Art/GameArt/Arrow.png using Guid(9b71d4dac9720144d87278dc1d544555) Importer(815301076,1909f56bfc062723c751e8b465ee728b)  -> (artifact id: '5d5d3023a35b7d9b02b5881d290cb3ef') in 0.045364 seconds
Number of updated asset objects reloaded before import = 0
Number of asset objects unloaded after import = 3
========================================================================
Received Import Request.
  Time since last request: 0.000131 seconds.
  path: Assets/Art/GameArt/Bean/BeanBlink.png
  artifactKey: Guid(4ca7ffe03875db34d9b796fb999d4d20) Importer(815301076,1909f56bfc062723c751e8b465ee728b)
Start importing Assets/Art/GameArt/Bean/BeanBlink.png using Guid(4ca7ffe03875db34d9b796fb999d4d20) Importer(815301076,1909f56bfc062723c751e8b465ee728b)  -> (artifact id: '6a77b76f0754e54d3234b578c58b4d0a') in 0.029208 seconds
Number of updated asset objects reloaded before import = 0
Number of asset objects unloaded after import = 3
========================================================================
Received Import Request.
  Time since last request: 0.000016 seconds.
  path: Assets/Art/UI/Background.png
  artifactKey: Guid(19333c5bc7885cb4784c3b366e5789a5) Importer(815301076,1909f56bfc062723c751e8b465ee728b)
Start importing Assets/Art/UI/Background.png using Guid(19333c5bc7885cb4784c3b366e5789a5) Importer(815301076,1909f56bfc062723c751e8b465ee728b)  -> (artifact id: '2eb085f0ace99801a60f801da50ccdfe') in 0.017420 seconds
Number of updated asset objects reloaded before import = 0
Number of asset objects unloaded after import = 3
========================================================================
Received Import Request.
  Time since last request: 0.591057 seconds.
  path: Assets/Art/BlackHole.png
  artifactKey: Guid(1cd65b8cd4492654c8064cba6c104a6b) Importer(815301076,1909f56bfc062723c751e8b465ee728b)
Start importing Assets/Art/BlackHole.png using Guid(1cd65b8cd4492654c8064cba6c104a6b) Importer(815301076,1909f56bfc062723c751e8b465ee728b)  -> (artifact id: 'bfd924b4726c8e55fa7e2b6d242dc0ca') in 0.019360 seconds
Number of updated asset objects reloaded before import = 0
Number of asset objects unloaded after import = 3
========================================================================
Received Import Request.
  Time since last request: 0.081754 seconds.
  path: Assets/Art/GameArt/Bush/Bush.png
  artifactKey: Guid(646e4a5be940ea54a9e5c0c391eeeb46) Importer(815301076,1909f56bfc062723c751e8b465ee728b)
Start importing Assets/Art/GameArt/Bush/Bush.png using Guid(646e4a5be940ea54a9e5c0c391eeeb46) Importer(815301076,1909f56bfc062723c751e8b465ee728b)  -> (artifact id: '04936d06008a8b492167b9f673d45189') in 0.034062 seconds
Number of updated asset objects reloaded before import = 0
Number of asset objects unloaded after import = 5
========================================================================
Received Import Request.
  Time since last request: 0.261242 seconds.
  path: Assets/Art/UI/CreditScreen.png
  artifactKey: Guid(a37062c941f399e4280bdda86f3760fa) Importer(815301076,1909f56bfc062723c751e8b465ee728b)
Start importing Assets/Art/UI/CreditScreen.png using Guid(a37062c941f399e4280bdda86f3760fa) Importer(815301076,1909f56bfc062723c751e8b465ee728b)  -> (artifact id: '8b13b467519e6c8d98671a22bc556cbb') in 0.017484 seconds
Number of updated asset objects reloaded before import = 0
Number of asset objects unloaded after import = 3
========================================================================
Received Import Request.
  Time since last request: 0.000039 seconds.
  path: Assets/Art/GameArt/Dot.png
  artifactKey: Guid(7dea86ab670531d4fb6268227dd2eaa8) Importer(815301076,1909f56bfc062723c751e8b465ee728b)
Start importing Assets/Art/GameArt/Dot.png using Guid(7dea86ab670531d4fb6268227dd2eaa8) Importer(815301076,1909f56bfc062723c751e8b465ee728b)  -> (artifact id: 'd14b0abd9f5aa967baa86af35dcf22d5') in 0.013386 seconds
Number of updated asset objects reloaded before import = 0
Number of asset objects unloaded after import = 3
========================================================================
Received Import Request.
  Time since last request: 0.071595 seconds.
  path: Assets/Art/GameArt/Flower/FlowerIdle.png
  artifactKey: Guid(ce445a3d47bcdcb4fb48ddd0c35bfbe6) Importer(815301076,1909f56bfc062723c751e8b465ee728b)
Start importing Assets/Art/GameArt/Flower/FlowerIdle.png using Guid(ce445a3d47bcdcb4fb48ddd0c35bfbe6) Importer(815301076,1909f56bfc062723c751e8b465ee728b)  -> (artifact id: '0861464da0644d5bf3c7789cbe5458ff') in 0.018480 seconds
Number of updated asset objects reloaded before import = 0
Number of asset objects unloaded after import = 3
========================================================================
Received Import Request.
  Time since last request: 0.261723 seconds.
  path: Assets/Art/GameArt/Front.png
  artifactKey: Guid(6d2bf7f2d5a0f8245a1a11e22f6f0e1b) Importer(815301076,1909f56bfc062723c751e8b465ee728b)
Start importing Assets/Art/GameArt/Front.png using Guid(6d2bf7f2d5a0f8245a1a11e22f6f0e1b) Importer(815301076,1909f56bfc062723c751e8b465ee728b)  -> (artifact id: 'e8c35a94c21b08dbe15c899f3b68e9ea') in 0.023471 seconds
Number of updated asset objects reloaded before import = 0
Number of asset objects unloaded after import = 3
========================================================================
Received Import Request.
  Time since last request: 0.000015 seconds.
  path: Assets/Art/GameArt/Leaf/LeafIdle.png
  artifactKey: Guid(6311603570695eb40848334ca0a0904f) Importer(815301076,1909f56bfc062723c751e8b465ee728b)
Start importing Assets/Art/GameArt/Leaf/LeafIdle.png using Guid(6311603570695eb40848334ca0a0904f) Importer(815301076,1909f56bfc062723c751e8b465ee728b)  -> (artifact id: '62166235e3dd55d6af0fa9273e9440a4') in 0.021555 seconds
Number of updated asset objects reloaded before import = 0
Number of asset objects unloaded after import = 3
========================================================================
Received Import Request.
  Time since last request: 0.058296 seconds.
  path: Assets/Art/GameArt/Log/Log.png
  artifactKey: Guid(c8a8ea409bcf8d944810b95a8281d424) Importer(815301076,1909f56bfc062723c751e8b465ee728b)
Start importing Assets/Art/GameArt/Log/Log.png using Guid(c8a8ea409bcf8d944810b95a8281d424) Importer(815301076,1909f56bfc062723c751e8b465ee728b)  -> (artifact id: '4a1f539e27d84bc6b0bd4eb7737fd502') in 0.024641 seconds
Number of updated asset objects reloaded before import = 0
Number of asset objects unloaded after import = 5
========================================================================
Received Import Request.
  Time since last request: 0.310275 seconds.
  path: Assets/Art/UI/OriginalEarth.psd
  artifactKey: Guid(3bcb9aea71f9ef24cb7d3ff9ec94126a) Importer(815301076,1909f56bfc062723c751e8b465ee728b)
Start importing Assets/Art/UI/OriginalEarth.psd using Guid(3bcb9aea71f9ef24cb7d3ff9ec94126a) Importer(815301076,1909f56bfc062723c751e8b465ee728b)  -> (artifact id: '5ae8f4a1d72cda53e1693d204074375a') in 0.019244 seconds
Number of updated asset objects reloaded before import = 0
Number of asset objects unloaded after import = 3
========================================================================
Received Import Request.
  Time since last request: 0.000012 seconds.
  path: Assets/Art/UI/Progression.psd
  artifactKey: Guid(3e0ccb313484ffa4583f704519a03659) Importer(815301076,1909f56bfc062723c751e8b465ee728b)
Start importing Assets/Art/UI/Progression.psd using Guid(3e0ccb313484ffa4583f704519a03659) Importer(815301076,1909f56bfc062723c751e8b465ee728b)  -> (artifact id: 'f429c230a56a81de37f40fc94154b753') in 0.015724 seconds
Number of updated asset objects reloaded before import = 0
Number of asset objects unloaded after import = 3
========================================================================
Received Import Request.
  Time since last request: 0.272332 seconds.
  path: Assets/Art/UI/Settings.psd
  artifactKey: Guid(c492c5a9827b4fb479139ca89ff5d37a) Importer(815301076,1909f56bfc062723c751e8b465ee728b)
Start importing Assets/Art/UI/Settings.psd using Guid(c492c5a9827b4fb479139ca89ff5d37a) Importer(815301076,1909f56bfc062723c751e8b465ee728b)  -> (artifact id: '922d417e5a8241f69b639ce6d9a08ae7') in 0.022660 seconds
Number of updated asset objects reloaded before import = 0
Number of asset objects unloaded after import = 3
========================================================================
Received Import Request.
  Time since last request: 0.072196 seconds.
  path: Assets/Art/GameArt/Stick/Stick.png
  artifactKey: Guid(45529ab433b7c75428f669415a86a0a0) Importer(815301076,1909f56bfc062723c751e8b465ee728b)
Start importing Assets/Art/GameArt/Stick/Stick.png using Guid(45529ab433b7c75428f669415a86a0a0) Importer(815301076,1909f56bfc062723c751e8b465ee728b)  -> (artifact id: '2edc65eae48214ceb3a132d820eadc3a') in 0.030721 seconds
Number of updated asset objects reloaded before import = 0
Number of asset objects unloaded after import = 5
========================================================================
Received Import Request.
  Time since last request: 0.000015 seconds.
  path: Assets/Art/GameArt/Sun/SunSheet.png
  artifactKey: Guid(f7daae241040f0448bc7abd85f9161d4) Importer(815301076,1909f56bfc062723c751e8b465ee728b)
Start importing Assets/Art/GameArt/Sun/SunSheet.png using Guid(f7daae241040f0448bc7abd85f9161d4) Importer(815301076,1909f56bfc062723c751e8b465ee728b)  -> (artifact id: 'b998d6b0ef0a13ac31c08cadb8abd380') in 0.018580 seconds
Number of updated asset objects reloaded before import = 0
Number of asset objects unloaded after import = 5
========================================================================
Received Import Request.
  Time since last request: 0.252912 seconds.
  path: Assets/Art/GameArt/Tree/Tree.png
  artifactKey: Guid(81d9874867c4211438c1d2626c0bec62) Importer(815301076,1909f56bfc062723c751e8b465ee728b)
Start importing Assets/Art/GameArt/Tree/Tree.png using Guid(81d9874867c4211438c1d2626c0bec62) Importer(815301076,1909f56bfc062723c751e8b465ee728b)  -> (artifact id: 'ae1a55e7d9d0f7c97994934399439af1') in 0.029216 seconds
Number of updated asset objects reloaded before import = 0
Number of asset objects unloaded after import = 5
========================================================================
Received Import Request.
  Time since last request: 0.067109 seconds.
  path: Assets/Art/GameArt/Tree/TreeIdlepSDREMAST.psd
  artifactKey: Guid(2135ec9682ac7fd458f17d8169257d64) Importer(815301076,1909f56bfc062723c751e8b465ee728b)
Start importing Assets/Art/GameArt/Tree/TreeIdlepSDREMAST.psd using Guid(2135ec9682ac7fd458f17d8169257d64) Importer(815301076,1909f56bfc062723c751e8b465ee728b)  -> (artifact id: '53ec1f1cdda9b59b040e422affb02a0f') in 0.017768 seconds
Number of updated asset objects reloaded before import = 0
Number of asset objects unloaded after import = 3
========================================================================
Received Import Request.
  Time since last request: 0.235478 seconds.
  path: Assets/Samples/Advertisement Legacy/4.4.2/UnityAds Example App/Sprites/U_Logo_T2_Ads_White_RGB.png
  artifactKey: Guid(2f64e20b3a7d74784b1a455b4bf97c95) Importer(815301076,1909f56bfc062723c751e8b465ee728b)
Start importing Assets/Samples/Advertisement Legacy/4.4.2/UnityAds Example App/Sprites/U_Logo_T2_Ads_White_RGB.png using Guid(2f64e20b3a7d74784b1a455b4bf97c95) Importer(815301076,1909f56bfc062723c751e8b465ee728b)  -> (artifact id: '58469491bcd2df908178727ec666223e') in 0.024993 seconds
Number of updated asset objects reloaded before import = 0
Number of asset objects unloaded after import = 3
