Using pre-set license
Built from '2022.3/staging' branch; Version is '2022.3.14f1 (eff2de9070d8) revision 15725278'; Using compiler version '192829333'; Build Type 'Release'
OS: 'Windows 11  (10.0.22621) 64bit Core' Language: 'en' Physical Memory: 32681 MB
BatchMode: 1, IsHumanControllingUs: 0, StartBugReporterOnCrash: 0, Is64bit: 1, IsPro: 1

COMMAND LINE ARGUMENTS:
C:\Program Files\Unity\Hub\Editor\2022.3.14f1\Editor\Unity.exe
-adb2
-batchMode
-noUpm
-name
AssetImportWorker0
-projectPath
C:/Users/greyh/Merge
-logFile
Logs/AssetImportWorker0.log
-srvPort
51021
Successfully changed project path to: C:/Users/greyh/Merge
C:/Users/greyh/Merge
[UnityMemory] Configuration Parameters - Can be set up in boot.config
    "memorysetup-bucket-allocator-granularity=16"
    "memorysetup-bucket-allocator-bucket-count=8"
    "memorysetup-bucket-allocator-block-size=33554432"
    "memorysetup-bucket-allocator-block-count=8"
    "memorysetup-main-allocator-block-size=16777216"
    "memorysetup-thread-allocator-block-size=16777216"
    "memorysetup-gfx-main-allocator-block-size=16777216"
    "memorysetup-gfx-thread-allocator-block-size=16777216"
    "memorysetup-cache-allocator-block-size=4194304"
    "memorysetup-typetree-allocator-block-size=2097152"
    "memorysetup-profiler-bucket-allocator-granularity=16"
    "memorysetup-profiler-bucket-allocator-bucket-count=8"
    "memorysetup-profiler-bucket-allocator-block-size=33554432"
    "memorysetup-profiler-bucket-allocator-block-count=8"
    "memorysetup-profiler-allocator-block-size=16777216"
    "memorysetup-profiler-editor-allocator-block-size=1048576"
    "memorysetup-temp-allocator-size-main=16777216"
    "memorysetup-job-temp-allocator-block-size=2097152"
    "memorysetup-job-temp-allocator-block-size-background=1048576"
    "memorysetup-job-temp-allocator-reduction-small-platforms=262144"
    "memorysetup-allocator-temp-initial-block-size-main=262144"
    "memorysetup-allocator-temp-initial-block-size-worker=262144"
    "memorysetup-temp-allocator-size-background-worker=32768"
    "memorysetup-temp-allocator-size-job-worker=262144"
    "memorysetup-temp-allocator-size-preload-manager=33554432"
    "memorysetup-temp-allocator-size-nav-mesh-worker=65536"
    "memorysetup-temp-allocator-size-audio-worker=65536"
    "memorysetup-temp-allocator-size-cloud-worker=32768"
    "memorysetup-temp-allocator-size-gi-baking-worker=262144"
    "memorysetup-temp-allocator-size-gfx=262144"
Player connection [6408] Host "[IP] 192.168.86.49 [Port] 0 [Flags] 2 [Guid] 4068638112 [EditorId] 4068638112 [Version] 1048832 [Id] WindowsEditor(7,Grey) [Debug] 1 [PackageName] WindowsEditor [ProjectName] Editor" joined multi-casting on [225.0.0.222:54997]...

Player connection [6408] Host "[IP] 192.168.86.49 [Port] 0 [Flags] 2 [Guid] 4068638112 [EditorId] 4068638112 [Version] 1048832 [Id] WindowsEditor(7,Grey) [Debug] 1 [PackageName] WindowsEditor [ProjectName] Editor" joined alternative multi-casting on [225.0.0.222:34997]...

[Physics::Module] Initialized MultithreadedJobDispatcher with 11 workers.
Refreshing native plugins compatible for Editor in 16.65 ms, found 4 plugins.
Preloading 0 native plugins for Editor in 0.00 ms.
Initialize engine version: 2022.3.14f1 (eff2de9070d8)
[Subsystems] Discovering subsystems at path C:/Program Files/Unity/Hub/Editor/2022.3.14f1/Editor/Data/Resources/UnitySubsystems
[Subsystems] Discovering subsystems at path C:/Users/greyh/Merge/Assets
GfxDevice: creating device client; threaded=0; jobified=0
Direct3D:
    Version:  Direct3D 11.0 [level 11.1]
    Renderer: NVIDIA GeForce RTX 3060 Ti (ID=0x2489)
    Vendor:   NVIDIA
    VRAM:     8038 MB
    Driver:   31.0.15.4617
Initialize mono
Mono path[0] = 'C:/Program Files/Unity/Hub/Editor/2022.3.14f1/Editor/Data/Managed'
Mono path[1] = 'C:/Program Files/Unity/Hub/Editor/2022.3.14f1/Editor/Data/MonoBleedingEdge/lib/mono/unityjit-win32'
Mono config path = 'C:/Program Files/Unity/Hub/Editor/2022.3.14f1/Editor/Data/MonoBleedingEdge/etc'
Using monoOptions --debugger-agent=transport=dt_socket,embedding=1,server=y,suspend=n,address=127.0.0.1:56968
Begin MonoManager ReloadAssembly
Registering precompiled unity dll's ...
Register platform support module: C:/Program Files/Unity/Hub/Editor/2022.3.14f1/Editor/Data/PlaybackEngines/WebGLSupport/UnityEditor.WebGL.Extensions.dll
Register platform support module: C:/Program Files/Unity/Hub/Editor/2022.3.14f1/Editor/Data/PlaybackEngines/iOSSupport/UnityEditor.iOS.Extensions.dll
Register platform support module: C:/Program Files/Unity/Hub/Editor/2022.3.14f1/Editor/Data/PlaybackEngines/WindowsStandaloneSupport/UnityEditor.WindowsStandalone.Extensions.dll
Registered in 0.015835 seconds.
- Loaded All Assemblies, in  0.445 seconds
Native extension for WindowsStandalone target not found
[usbmuxd] Start listen thread
[usbmuxd] Listen thread started
Native extension for iOS target not found
Native extension for WebGL target not found
Mono: successfully reloaded assembly
- Finished resetting the current domain, in  0.333 seconds
Domain Reload Profiling: 774ms
	BeginReloadAssembly (127ms)
		ExecutionOrderSort (0ms)
		DisableScriptedObjects (0ms)
		BackupInstance (0ms)
		ReleaseScriptingObjects (0ms)
		CreateAndSetChildDomain (1ms)
	RebuildCommonClasses (49ms)
	RebuildNativeTypeToScriptingClass (13ms)
	initialDomainReloadingComplete (83ms)
	LoadAllAssembliesAndSetupDomain (169ms)
		LoadAssemblies (124ms)
		RebuildTransferFunctionScriptingTraits (0ms)
		AnalyzeDomain (166ms)
			TypeCache.Refresh (165ms)
				TypeCache.ScanAssembly (149ms)
			ScanForSourceGeneratedMonoScriptInfo (1ms)
			ResolveRequiredComponents (1ms)
	FinalizeReload (334ms)
		ReleaseScriptCaches (0ms)
		RebuildScriptCaches (0ms)
		SetupLoadedEditorAssemblies (250ms)
			LogAssemblyErrors (0ms)
			InitializePlatformSupportModulesInManaged (42ms)
			SetLoadedEditorAssemblies (7ms)
			RefreshPlugins (0ms)
			BeforeProcessingInitializeOnLoad (3ms)
			ProcessInitializeOnLoadAttributes (139ms)
			ProcessInitializeOnLoadMethodAttributes (58ms)
			AfterProcessingInitializeOnLoad (0ms)
			EditorAssembliesLoaded (0ms)
		ExecutionOrderSort2 (0ms)
		AwakeInstancesAfterBackupRestoration (0ms)
========================================================================
Worker process is ready to serve import requests
Begin MonoManager ReloadAssembly
- Loaded All Assemblies, in  0.721 seconds
Refreshing native plugins compatible for Editor in 7.92 ms, found 4 plugins.
Native extension for WindowsStandalone target not found
Native extension for iOS target not found
Native extension for WebGL target not found
Package Manager log level set to [2]
[Package Manager] Server::EnsureServerProcessIsRunning -- launch failed, reason: Unity was launched with the -noUpm command-line argument
[Package Manager] UpmClient::Send -- Unable to send message (not connected to UPM process).
[Package Manager] Cannot connect to Unity Package Manager local server
Mono: successfully reloaded assembly
- Finished resetting the current domain, in  0.699 seconds
Domain Reload Profiling: 1413ms
	BeginReloadAssembly (176ms)
		ExecutionOrderSort (0ms)
		DisableScriptedObjects (7ms)
		BackupInstance (0ms)
		ReleaseScriptingObjects (0ms)
		CreateAndSetChildDomain (22ms)
	RebuildCommonClasses (39ms)
	RebuildNativeTypeToScriptingClass (16ms)
	initialDomainReloadingComplete (49ms)
	LoadAllAssembliesAndSetupDomain (435ms)
		LoadAssemblies (341ms)
		RebuildTransferFunctionScriptingTraits (0ms)
		AnalyzeDomain (196ms)
			TypeCache.Refresh (163ms)
				TypeCache.ScanAssembly (147ms)
			ScanForSourceGeneratedMonoScriptInfo (26ms)
			ResolveRequiredComponents (6ms)
	FinalizeReload (699ms)
		ReleaseScriptCaches (0ms)
		RebuildScriptCaches (0ms)
		SetupLoadedEditorAssemblies (522ms)
			LogAssemblyErrors (0ms)
			InitializePlatformSupportModulesInManaged (29ms)
			SetLoadedEditorAssemblies (3ms)
			RefreshPlugins (0ms)
			BeforeProcessingInitializeOnLoad (86ms)
			ProcessInitializeOnLoadAttributes (353ms)
			ProcessInitializeOnLoadMethodAttributes (42ms)
			AfterProcessingInitializeOnLoad (9ms)
			EditorAssembliesLoaded (0ms)
		ExecutionOrderSort2 (0ms)
		AwakeInstancesAfterBackupRestoration (8ms)
Launched and connected shader compiler UnityShaderCompiler.exe after 0.06 seconds
Refreshing native plugins compatible for Editor in 7.26 ms, found 4 plugins.
Preloading 0 native plugins for Editor in 0.00 ms.
Unloading 4043 Unused Serialized files (Serialized files now loaded: 0)
Unloading 70 unused Assets / (244.6 KB). Loaded Objects now: 4502.
Memory consumption went from 148.8 MB to 148.5 MB.
Total: 3.819100 ms (FindLiveObjects: 0.366000 ms CreateObjectMapping: 0.097600 ms MarkObjects: 3.097500 ms  DeleteObjects: 0.256800 ms)

AssetImportParameters requested are different than current active one (requested -> active):
  custom:container-demuxer-ogg: 62fdf1f143b41e24485cea50d1cbac27 -> 
  custom:video-codec-MediaFoundation-h265: 746d11721c4dcdbdad8f713fa42b33f4 -> 
  custom:video-decoder-ogg-theora: a1e56fd34408186e4bbccfd4996cb3dc -> 
  custom:framework-win-MediaFoundation: 216162199b28c13a410421893ffa2e32 -> 
  custom:CustomObjectIndexerAttribute: 756ad292c208cfabdd7b50bc23989ffe -> 
  custom:container-demuxer-webm: 4f35f7cbe854078d1ac9338744f61a02 -> 
  custom:container-muxer-webm: aa71ff27fc2769a1b78a27578f13a17b -> 
  custom:video-decoder-webm-vp8: 9c59270c3fd7afecdb556c50c9e8de78 -> 
  custom:SearchIndexIgnoredProperties: e643bd26f0fe6173181afceb89e7c659 -> 
  custom:AudioImporter_EditorPlatform: d09bf68614088b80899f8185d706f6e7 -> 
  custom:video-encoder-webm-vp8: eb34c28f22e8b96e1ab97ce403110664 -> 
  custom:audio-decoder-ogg-vorbis: bf7c407c2cedff20999df2af8eb42d56 -> 
  custom:audio-encoder-webm-vorbis: bf7c407c2cedff20999df2af8eb42d56 -> 
========================================================================
Received Import Request.
  Time since last request: 2659.342536 seconds.
  path: Assets/Pieces/Level 3.prefab
  artifactKey: Guid(0f5ecedfa1e92364f8cc739c3c73df3b) Importer(815301076,1909f56bfc062723c751e8b465ee728b)
Start importing Assets/Pieces/Level 3.prefab using Guid(0f5ecedfa1e92364f8cc739c3c73df3b) Importer(815301076,1909f56bfc062723c751e8b465ee728b)  -> (artifact id: 'd8fd90d627530b5226917c9d0006fd11') in 0.129983 seconds
Number of updated asset objects reloaded before import = 0
Number of asset objects unloaded after import = 179
========================================================================
Received Import Request.
  Time since last request: 0.000028 seconds.
  path: Assets/Pieces/Level 9.prefab
  artifactKey: Guid(16cafa1ef2ed3374d95dff4b1c27f111) Importer(815301076,1909f56bfc062723c751e8b465ee728b)
Start importing Assets/Pieces/Level 9.prefab using Guid(16cafa1ef2ed3374d95dff4b1c27f111) Importer(815301076,1909f56bfc062723c751e8b465ee728b)  -> (artifact id: '8cb9d6ee9e707d0854278b06fb7d16a3') in 0.013974 seconds
Number of updated asset objects reloaded before import = 0
Number of asset objects unloaded after import = 53
========================================================================
Received Import Request.
  Time since last request: 0.000015 seconds.
  path: Assets/Pieces/Level 1.prefab
  artifactKey: Guid(d656d7d602def594782afa7c93aec06d) Importer(815301076,1909f56bfc062723c751e8b465ee728b)
Start importing Assets/Pieces/Level 1.prefab using Guid(d656d7d602def594782afa7c93aec06d) Importer(815301076,1909f56bfc062723c751e8b465ee728b)  -> (artifact id: 'a4b43180ec25efb70640b35261c23139') in 0.043802 seconds
Number of updated asset objects reloaded before import = 0
Number of asset objects unloaded after import = 219
========================================================================
Received Prepare
Begin MonoManager ReloadAssembly
- Loaded All Assemblies, in  0.536 seconds
Refreshing native plugins compatible for Editor in 8.89 ms, found 4 plugins.
Native extension for WindowsStandalone target not found
Native extension for iOS target not found
Native extension for WebGL target not found
[Package Manager] Server::EnsureServerProcessIsRunning -- launch failed, reason: Unity was launched with the -noUpm command-line argument
[Package Manager] UpmClient::Send -- Unable to send message (not connected to UPM process).
[Package Manager] Cannot connect to Unity Package Manager local server
Mono: successfully reloaded assembly
- Finished resetting the current domain, in  1.180 seconds
Domain Reload Profiling: 1711ms
	BeginReloadAssembly (191ms)
		ExecutionOrderSort (0ms)
		DisableScriptedObjects (13ms)
		BackupInstance (0ms)
		ReleaseScriptingObjects (0ms)
		CreateAndSetChildDomain (40ms)
	RebuildCommonClasses (38ms)
	RebuildNativeTypeToScriptingClass (13ms)
	initialDomainReloadingComplete (37ms)
	LoadAllAssembliesAndSetupDomain (252ms)
		LoadAssemblies (336ms)
		RebuildTransferFunctionScriptingTraits (0ms)
		AnalyzeDomain (14ms)
			TypeCache.Refresh (5ms)
				TypeCache.ScanAssembly (0ms)
			ScanForSourceGeneratedMonoScriptInfo (0ms)
			ResolveRequiredComponents (7ms)
	FinalizeReload (1180ms)
		ReleaseScriptCaches (0ms)
		RebuildScriptCaches (0ms)
		SetupLoadedEditorAssemblies (453ms)
			LogAssemblyErrors (0ms)
			InitializePlatformSupportModulesInManaged (29ms)
			SetLoadedEditorAssemblies (5ms)
			RefreshPlugins (0ms)
			BeforeProcessingInitializeOnLoad (85ms)
			ProcessInitializeOnLoadAttributes (286ms)
			ProcessInitializeOnLoadMethodAttributes (38ms)
			AfterProcessingInitializeOnLoad (9ms)
			EditorAssembliesLoaded (0ms)
		ExecutionOrderSort2 (0ms)
		AwakeInstancesAfterBackupRestoration (14ms)
Refreshing native plugins compatible for Editor in 8.58 ms, found 4 plugins.
Preloading 0 native plugins for Editor in 0.00 ms.
Unloading 4024 Unused Serialized files (Serialized files now loaded: 0)
Unloading 42 unused Assets / (216.8 KB). Loaded Objects now: 4515.
Memory consumption went from 150.5 MB to 150.3 MB.
Total: 3.194700 ms (FindLiveObjects: 0.328000 ms CreateObjectMapping: 0.105400 ms MarkObjects: 2.563700 ms  DeleteObjects: 0.196100 ms)

Prepare: number of updated asset objects reloaded= 0
AssetImportParameters requested are different than current active one (requested -> active):
  custom:container-demuxer-ogg: 62fdf1f143b41e24485cea50d1cbac27 -> 
  custom:video-codec-MediaFoundation-h265: 746d11721c4dcdbdad8f713fa42b33f4 -> 
  custom:video-decoder-ogg-theora: a1e56fd34408186e4bbccfd4996cb3dc -> 
  custom:framework-win-MediaFoundation: 216162199b28c13a410421893ffa2e32 -> 
  custom:CustomObjectIndexerAttribute: 756ad292c208cfabdd7b50bc23989ffe -> 
  custom:container-demuxer-webm: 4f35f7cbe854078d1ac9338744f61a02 -> 
  custom:container-muxer-webm: aa71ff27fc2769a1b78a27578f13a17b -> 
  custom:video-decoder-webm-vp8: 9c59270c3fd7afecdb556c50c9e8de78 -> 
  custom:SearchIndexIgnoredProperties: e643bd26f0fe6173181afceb89e7c659 -> 
  custom:AudioImporter_EditorPlatform: d09bf68614088b80899f8185d706f6e7 -> 
  custom:video-encoder-webm-vp8: eb34c28f22e8b96e1ab97ce403110664 -> 
  custom:audio-decoder-ogg-vorbis: bf7c407c2cedff20999df2af8eb42d56 -> 
  custom:audio-encoder-webm-vorbis: bf7c407c2cedff20999df2af8eb42d56 -> 
========================================================================
Received Prepare
Begin MonoManager ReloadAssembly
- Loaded All Assemblies, in  0.500 seconds
Refreshing native plugins compatible for Editor in 7.37 ms, found 4 plugins.
Native extension for WindowsStandalone target not found
Native extension for iOS target not found
Native extension for WebGL target not found
[Package Manager] Server::EnsureServerProcessIsRunning -- launch failed, reason: Unity was launched with the -noUpm command-line argument
[Package Manager] UpmClient::Send -- Unable to send message (not connected to UPM process).
[Package Manager] Cannot connect to Unity Package Manager local server
Mono: successfully reloaded assembly
- Finished resetting the current domain, in  1.108 seconds
Domain Reload Profiling: 1603ms
	BeginReloadAssembly (169ms)
		ExecutionOrderSort (0ms)
		DisableScriptedObjects (11ms)
		BackupInstance (0ms)
		ReleaseScriptingObjects (0ms)
		CreateAndSetChildDomain (33ms)
	RebuildCommonClasses (35ms)
	RebuildNativeTypeToScriptingClass (16ms)
	initialDomainReloadingComplete (33ms)
	LoadAllAssembliesAndSetupDomain (241ms)
		LoadAssemblies (316ms)
		RebuildTransferFunctionScriptingTraits (0ms)
		AnalyzeDomain (14ms)
			TypeCache.Refresh (6ms)
				TypeCache.ScanAssembly (0ms)
			ScanForSourceGeneratedMonoScriptInfo (0ms)
			ResolveRequiredComponents (6ms)
	FinalizeReload (1108ms)
		ReleaseScriptCaches (0ms)
		RebuildScriptCaches (0ms)
		SetupLoadedEditorAssemblies (421ms)
			LogAssemblyErrors (0ms)
			InitializePlatformSupportModulesInManaged (23ms)
			SetLoadedEditorAssemblies (3ms)
			RefreshPlugins (0ms)
			BeforeProcessingInitializeOnLoad (72ms)
			ProcessInitializeOnLoadAttributes (278ms)
			ProcessInitializeOnLoadMethodAttributes (34ms)
			AfterProcessingInitializeOnLoad (10ms)
			EditorAssembliesLoaded (0ms)
		ExecutionOrderSort2 (0ms)
		AwakeInstancesAfterBackupRestoration (13ms)
Refreshing native plugins compatible for Editor in 6.94 ms, found 4 plugins.
Preloading 0 native plugins for Editor in 0.00 ms.
Unloading 4025 Unused Serialized files (Serialized files now loaded: 0)
Unloading 42 unused Assets / (217.1 KB). Loaded Objects now: 4519.
Memory consumption went from 152.7 MB to 152.5 MB.
Total: 3.201100 ms (FindLiveObjects: 0.387600 ms CreateObjectMapping: 0.108800 ms MarkObjects: 2.507700 ms  DeleteObjects: 0.196300 ms)

Prepare: number of updated asset objects reloaded= 0
AssetImportParameters requested are different than current active one (requested -> active):
  custom:container-demuxer-ogg: 62fdf1f143b41e24485cea50d1cbac27 -> 
  custom:video-codec-MediaFoundation-h265: 746d11721c4dcdbdad8f713fa42b33f4 -> 
  custom:video-decoder-ogg-theora: a1e56fd34408186e4bbccfd4996cb3dc -> 
  custom:framework-win-MediaFoundation: 216162199b28c13a410421893ffa2e32 -> 
  custom:CustomObjectIndexerAttribute: 756ad292c208cfabdd7b50bc23989ffe -> 
  custom:container-demuxer-webm: 4f35f7cbe854078d1ac9338744f61a02 -> 
  custom:container-muxer-webm: aa71ff27fc2769a1b78a27578f13a17b -> 
  custom:video-decoder-webm-vp8: 9c59270c3fd7afecdb556c50c9e8de78 -> 
  custom:SearchIndexIgnoredProperties: e643bd26f0fe6173181afceb89e7c659 -> 
  custom:AudioImporter_EditorPlatform: d09bf68614088b80899f8185d706f6e7 -> 
  custom:video-encoder-webm-vp8: eb34c28f22e8b96e1ab97ce403110664 -> 
  custom:audio-decoder-ogg-vorbis: bf7c407c2cedff20999df2af8eb42d56 -> 
  custom:audio-encoder-webm-vorbis: bf7c407c2cedff20999df2af8eb42d56 -> 
========================================================================
Received Import Request.
  Time since last request: 137.440139 seconds.
  path: Assets/Pieces/Level 2.prefab
  artifactKey: Guid(2bf922c0fe2e2804e85c36d69e2d519b) Importer(815301076,1909f56bfc062723c751e8b465ee728b)
Start importing Assets/Pieces/Level 2.prefab using Guid(2bf922c0fe2e2804e85c36d69e2d519b) Importer(815301076,1909f56bfc062723c751e8b465ee728b)  -> (artifact id: '53a7f380adcc49d2142021276c72df97') in 0.104727 seconds
Number of updated asset objects reloaded before import = 0
Number of asset objects unloaded after import = 194
========================================================================
Received Import Request.
  Time since last request: 0.000023 seconds.
  path: Assets/Pieces/Level 8.prefab
  artifactKey: Guid(0e707c728d76f2d4aa76a5b512184729) Importer(815301076,1909f56bfc062723c751e8b465ee728b)
Start importing Assets/Pieces/Level 8.prefab using Guid(0e707c728d76f2d4aa76a5b512184729) Importer(815301076,1909f56bfc062723c751e8b465ee728b)  -> (artifact id: '4343bfc8d53bf2285384ecbc5a8bd932') in 0.017940 seconds
Number of updated asset objects reloaded before import = 0
Number of asset objects unloaded after import = 76
========================================================================
Received Import Request.
  Time since last request: 0.000023 seconds.
  path: Assets/Pieces/Level 6.prefab
  artifactKey: Guid(9cb79baf9a1f2dd4081d25d221d8ea27) Importer(815301076,1909f56bfc062723c751e8b465ee728b)
Start importing Assets/Pieces/Level 6.prefab using Guid(9cb79baf9a1f2dd4081d25d221d8ea27) Importer(815301076,1909f56bfc062723c751e8b465ee728b)  -> (artifact id: 'ed441c65d3e9bb78b3da3e2066634de5') in 0.023903 seconds
Number of updated asset objects reloaded before import = 0
Number of asset objects unloaded after import = 118
========================================================================
Received Import Request.
  Time since last request: 0.000016 seconds.
  path: Assets/Pieces/Level 9.prefab
  artifactKey: Guid(16cafa1ef2ed3374d95dff4b1c27f111) Importer(815301076,1909f56bfc062723c751e8b465ee728b)
Start importing Assets/Pieces/Level 9.prefab using Guid(16cafa1ef2ed3374d95dff4b1c27f111) Importer(815301076,1909f56bfc062723c751e8b465ee728b)  -> (artifact id: '2001855d23e477283140f4d22bad8c0c') in 0.013942 seconds
Number of updated asset objects reloaded before import = 0
Number of asset objects unloaded after import = 53
========================================================================
Received Import Request.
  Time since last request: 0.000016 seconds.
  path: Assets/Pieces/Level 4.prefab
  artifactKey: Guid(8481ee76fcc365f41a7ee1919c44b4e8) Importer(815301076,1909f56bfc062723c751e8b465ee728b)
Start importing Assets/Pieces/Level 4.prefab using Guid(8481ee76fcc365f41a7ee1919c44b4e8) Importer(815301076,1909f56bfc062723c751e8b465ee728b)  -> (artifact id: '6511a791cfbb7ddaeba205c3ec738105') in 0.035783 seconds
Number of updated asset objects reloaded before import = 0
Number of asset objects unloaded after import = 164
========================================================================
Received Import Request.
  Time since last request: 2.947059 seconds.
  path: Assets/Pieces/Level 2.prefab
  artifactKey: Guid(2bf922c0fe2e2804e85c36d69e2d519b) Importer(815301076,1909f56bfc062723c751e8b465ee728b)
Start importing Assets/Pieces/Level 2.prefab using Guid(2bf922c0fe2e2804e85c36d69e2d519b) Importer(815301076,1909f56bfc062723c751e8b465ee728b)  -> (artifact id: '7e883d5231981a52207ed246c86a2711') in 0.037749 seconds
Number of updated asset objects reloaded before import = 0
Number of asset objects unloaded after import = 194
========================================================================
Received Import Request.
  Time since last request: 0.000023 seconds.
  path: Assets/Pieces/Level 8.prefab
  artifactKey: Guid(0e707c728d76f2d4aa76a5b512184729) Importer(815301076,1909f56bfc062723c751e8b465ee728b)
Start importing Assets/Pieces/Level 8.prefab using Guid(0e707c728d76f2d4aa76a5b512184729) Importer(815301076,1909f56bfc062723c751e8b465ee728b)  -> (artifact id: '6f02ae72c7179d5c058149f26d73b943') in 0.018645 seconds
Number of updated asset objects reloaded before import = 0
Number of asset objects unloaded after import = 76
========================================================================
Received Import Request.
  Time since last request: 0.000024 seconds.
  path: Assets/Pieces/Level 6.prefab
  artifactKey: Guid(9cb79baf9a1f2dd4081d25d221d8ea27) Importer(815301076,1909f56bfc062723c751e8b465ee728b)
Start importing Assets/Pieces/Level 6.prefab using Guid(9cb79baf9a1f2dd4081d25d221d8ea27) Importer(815301076,1909f56bfc062723c751e8b465ee728b)  -> (artifact id: 'd15ecb0a2c562ccc5bf86268e03f28a6') in 0.024529 seconds
Number of updated asset objects reloaded before import = 0
Number of asset objects unloaded after import = 118
========================================================================
Received Import Request.
  Time since last request: 0.000015 seconds.
  path: Assets/Pieces/Level 9.prefab
  artifactKey: Guid(16cafa1ef2ed3374d95dff4b1c27f111) Importer(815301076,1909f56bfc062723c751e8b465ee728b)
Start importing Assets/Pieces/Level 9.prefab using Guid(16cafa1ef2ed3374d95dff4b1c27f111) Importer(815301076,1909f56bfc062723c751e8b465ee728b)  -> (artifact id: 'c0f4e689e5d04d56687c286c11a78371') in 0.013963 seconds
Number of updated asset objects reloaded before import = 0
Number of asset objects unloaded after import = 53
========================================================================
Received Import Request.
  Time since last request: 0.000016 seconds.
  path: Assets/Pieces/Level 4.prefab
  artifactKey: Guid(8481ee76fcc365f41a7ee1919c44b4e8) Importer(815301076,1909f56bfc062723c751e8b465ee728b)
Start importing Assets/Pieces/Level 4.prefab using Guid(8481ee76fcc365f41a7ee1919c44b4e8) Importer(815301076,1909f56bfc062723c751e8b465ee728b)  -> (artifact id: '2cc2a8e787ee76957153aaf7837f5d04') in 0.030847 seconds
Number of updated asset objects reloaded before import = 0
Number of asset objects unloaded after import = 164
========================================================================
Received Import Request.
  Time since last request: 3.155933 seconds.
  path: Assets/Pieces/Level 2.prefab
  artifactKey: Guid(2bf922c0fe2e2804e85c36d69e2d519b) Importer(815301076,1909f56bfc062723c751e8b465ee728b)
Start importing Assets/Pieces/Level 2.prefab using Guid(2bf922c0fe2e2804e85c36d69e2d519b) Importer(815301076,1909f56bfc062723c751e8b465ee728b)  -> (artifact id: 'de8ede6c48c147e862769af976e6ad42') in 0.037216 seconds
Number of updated asset objects reloaded before import = 0
Number of asset objects unloaded after import = 194
========================================================================
Received Import Request.
  Time since last request: 0.000017 seconds.
  path: Assets/Pieces/Level 8.prefab
  artifactKey: Guid(0e707c728d76f2d4aa76a5b512184729) Importer(815301076,1909f56bfc062723c751e8b465ee728b)
Start importing Assets/Pieces/Level 8.prefab using Guid(0e707c728d76f2d4aa76a5b512184729) Importer(815301076,1909f56bfc062723c751e8b465ee728b)  -> (artifact id: '5d63f1dad9e5c8f68e3000b653022b01') in 0.020556 seconds
Number of updated asset objects reloaded before import = 0
Number of asset objects unloaded after import = 76
========================================================================
Received Import Request.
  Time since last request: 0.000018 seconds.
  path: Assets/Pieces/Level 10.prefab
  artifactKey: Guid(3c72da386b1bee2499e1fe87877aea71) Importer(815301076,1909f56bfc062723c751e8b465ee728b)
Start importing Assets/Pieces/Level 10.prefab using Guid(3c72da386b1bee2499e1fe87877aea71) Importer(815301076,1909f56bfc062723c751e8b465ee728b)  -> (artifact id: '07fe445ef27693d5e0b895a198b38946') in 0.011971 seconds
Number of updated asset objects reloaded before import = 0
Number of asset objects unloaded after import = 30
========================================================================
Received Import Request.
  Time since last request: 0.000023 seconds.
  path: Assets/Pieces/Level 5.prefab
  artifactKey: Guid(82cc205d8d0b4ad4981e6639d7e06e8a) Importer(815301076,1909f56bfc062723c751e8b465ee728b)
Start importing Assets/Pieces/Level 5.prefab using Guid(82cc205d8d0b4ad4981e6639d7e06e8a) Importer(815301076,1909f56bfc062723c751e8b465ee728b)  -> (artifact id: '65eff70d7de771769294a13dd19194cb') in 0.034806 seconds
Number of updated asset objects reloaded before import = 0
Number of asset objects unloaded after import = 141
========================================================================
Received Import Request.
  Time since last request: 0.000015 seconds.
  path: Assets/Pieces/Level 7.prefab
  artifactKey: Guid(c29f8a48e7ef0ab428454671ba8da532) Importer(815301076,1909f56bfc062723c751e8b465ee728b)
Start importing Assets/Pieces/Level 7.prefab using Guid(c29f8a48e7ef0ab428454671ba8da532) Importer(815301076,1909f56bfc062723c751e8b465ee728b)  -> (artifact id: 'e3606afdde40e6f2c86475a99c84adfe') in 0.023088 seconds
Number of updated asset objects reloaded before import = 0
Number of asset objects unloaded after import = 101
========================================================================
Received Import Request.
  Time since last request: 2.551151 seconds.
  path: Assets/Pieces/Level 2.prefab
  artifactKey: Guid(2bf922c0fe2e2804e85c36d69e2d519b) Importer(815301076,1909f56bfc062723c751e8b465ee728b)
Start importing Assets/Pieces/Level 2.prefab using Guid(2bf922c0fe2e2804e85c36d69e2d519b) Importer(815301076,1909f56bfc062723c751e8b465ee728b)  -> (artifact id: 'b03a6db2a6c05b9d35174ae19bb65077') in 0.045269 seconds
Number of updated asset objects reloaded before import = 0
Number of asset objects unloaded after import = 194
========================================================================
Received Import Request.
  Time since last request: 0.000018 seconds.
  path: Assets/Pieces/Level 8.prefab
  artifactKey: Guid(0e707c728d76f2d4aa76a5b512184729) Importer(815301076,1909f56bfc062723c751e8b465ee728b)
Start importing Assets/Pieces/Level 8.prefab using Guid(0e707c728d76f2d4aa76a5b512184729) Importer(815301076,1909f56bfc062723c751e8b465ee728b)  -> (artifact id: '412cb3f21e62545bba1fa06bf1bf802d') in 0.020921 seconds
Number of updated asset objects reloaded before import = 0
Number of asset objects unloaded after import = 76
========================================================================
Received Import Request.
  Time since last request: 0.000023 seconds.
  path: Assets/Pieces/Level 5.prefab
  artifactKey: Guid(82cc205d8d0b4ad4981e6639d7e06e8a) Importer(815301076,1909f56bfc062723c751e8b465ee728b)
Start importing Assets/Pieces/Level 5.prefab using Guid(82cc205d8d0b4ad4981e6639d7e06e8a) Importer(815301076,1909f56bfc062723c751e8b465ee728b)  -> (artifact id: 'b9823bbe724d06948e30d43326bc7e42') in 0.029636 seconds
Number of updated asset objects reloaded before import = 0
Number of asset objects unloaded after import = 141
========================================================================
Received Import Request.
  Time since last request: 2.393358 seconds.
  path: Assets/Pieces/Level 2.prefab
  artifactKey: Guid(2bf922c0fe2e2804e85c36d69e2d519b) Importer(815301076,1909f56bfc062723c751e8b465ee728b)
Start importing Assets/Pieces/Level 2.prefab using Guid(2bf922c0fe2e2804e85c36d69e2d519b) Importer(815301076,1909f56bfc062723c751e8b465ee728b)  -> (artifact id: 'bcaf89d3894d7af65fbb88f5af43d4e7') in 0.040294 seconds
Number of updated asset objects reloaded before import = 0
Number of asset objects unloaded after import = 194
========================================================================
Received Import Request.
  Time since last request: 0.000022 seconds.
  path: Assets/Pieces/Level 8.prefab
  artifactKey: Guid(0e707c728d76f2d4aa76a5b512184729) Importer(815301076,1909f56bfc062723c751e8b465ee728b)
Start importing Assets/Pieces/Level 8.prefab using Guid(0e707c728d76f2d4aa76a5b512184729) Importer(815301076,1909f56bfc062723c751e8b465ee728b)  -> (artifact id: '78737ec4c8f3da130efc5c37831c7077') in 0.019219 seconds
Number of updated asset objects reloaded before import = 0
Number of asset objects unloaded after import = 76
========================================================================
Received Import Request.
  Time since last request: 0.000029 seconds.
  path: Assets/Pieces/Level 9.prefab
  artifactKey: Guid(16cafa1ef2ed3374d95dff4b1c27f111) Importer(815301076,1909f56bfc062723c751e8b465ee728b)
Start importing Assets/Pieces/Level 9.prefab using Guid(16cafa1ef2ed3374d95dff4b1c27f111) Importer(815301076,1909f56bfc062723c751e8b465ee728b)  -> (artifact id: '6ee77cbaea7567aed30006e11bf40799') in 0.015656 seconds
Number of updated asset objects reloaded before import = 0
Number of asset objects unloaded after import = 53
========================================================================
Received Import Request.
  Time since last request: 0.000016 seconds.
  path: Assets/Pieces/Level 7.prefab
  artifactKey: Guid(c29f8a48e7ef0ab428454671ba8da532) Importer(815301076,1909f56bfc062723c751e8b465ee728b)
Start importing Assets/Pieces/Level 7.prefab using Guid(c29f8a48e7ef0ab428454671ba8da532) Importer(815301076,1909f56bfc062723c751e8b465ee728b)  -> (artifact id: 'a9b106e7700c1b745ec177c793cea4ee') in 0.022344 seconds
Number of updated asset objects reloaded before import = 0
Number of asset objects unloaded after import = 101
========================================================================
Received Import Request.
  Time since last request: 1.875530 seconds.
  path: Assets/Pieces/Level 2.prefab
  artifactKey: Guid(2bf922c0fe2e2804e85c36d69e2d519b) Importer(815301076,1909f56bfc062723c751e8b465ee728b)
Start importing Assets/Pieces/Level 2.prefab using Guid(2bf922c0fe2e2804e85c36d69e2d519b) Importer(815301076,1909f56bfc062723c751e8b465ee728b)  -> (artifact id: 'beb30d55d7f1fdb1a5537533427fe189') in 0.046055 seconds
Number of updated asset objects reloaded before import = 0
Number of asset objects unloaded after import = 194
========================================================================
Received Import Request.
  Time since last request: 0.000024 seconds.
  path: Assets/Pieces/Level 8.prefab
  artifactKey: Guid(0e707c728d76f2d4aa76a5b512184729) Importer(815301076,1909f56bfc062723c751e8b465ee728b)
Start importing Assets/Pieces/Level 8.prefab using Guid(0e707c728d76f2d4aa76a5b512184729) Importer(815301076,1909f56bfc062723c751e8b465ee728b)  -> (artifact id: '67c1dd4563c04565577f7938f0edd8e7') in 0.019843 seconds
Number of updated asset objects reloaded before import = 0
Number of asset objects unloaded after import = 76
========================================================================
Received Import Request.
  Time since last request: 0.000037 seconds.
  path: Assets/Pieces/Level 5.prefab
  artifactKey: Guid(82cc205d8d0b4ad4981e6639d7e06e8a) Importer(815301076,1909f56bfc062723c751e8b465ee728b)
Start importing Assets/Pieces/Level 5.prefab using Guid(82cc205d8d0b4ad4981e6639d7e06e8a) Importer(815301076,1909f56bfc062723c751e8b465ee728b)  -> (artifact id: 'ba6af371a9d3baf4d38ff8c67f182f26') in 0.031128 seconds
Number of updated asset objects reloaded before import = 0
Number of asset objects unloaded after import = 141
========================================================================
Received Prepare
Begin MonoManager ReloadAssembly
- Loaded All Assemblies, in  0.548 seconds
Refreshing native plugins compatible for Editor in 7.01 ms, found 4 plugins.
Native extension for WindowsStandalone target not found
Native extension for iOS target not found
Native extension for WebGL target not found
[Package Manager] Server::EnsureServerProcessIsRunning -- launch failed, reason: Unity was launched with the -noUpm command-line argument
[Package Manager] UpmClient::Send -- Unable to send message (not connected to UPM process).
[Package Manager] Cannot connect to Unity Package Manager local server
Mono: successfully reloaded assembly
- Finished resetting the current domain, in  1.145 seconds
Domain Reload Profiling: 1687ms
	BeginReloadAssembly (183ms)
		ExecutionOrderSort (0ms)
		DisableScriptedObjects (12ms)
		BackupInstance (0ms)
		ReleaseScriptingObjects (0ms)
		CreateAndSetChildDomain (41ms)
	RebuildCommonClasses (36ms)
	RebuildNativeTypeToScriptingClass (11ms)
	initialDomainReloadingComplete (34ms)
	LoadAllAssembliesAndSetupDomain (278ms)
		LoadAssemblies (356ms)
		RebuildTransferFunctionScriptingTraits (0ms)
		AnalyzeDomain (15ms)
			TypeCache.Refresh (6ms)
				TypeCache.ScanAssembly (0ms)
			ScanForSourceGeneratedMonoScriptInfo (0ms)
			ResolveRequiredComponents (7ms)
	FinalizeReload (1145ms)
		ReleaseScriptCaches (0ms)
		RebuildScriptCaches (0ms)
		SetupLoadedEditorAssemblies (466ms)
			LogAssemblyErrors (0ms)
			InitializePlatformSupportModulesInManaged (26ms)
			SetLoadedEditorAssemblies (3ms)
			RefreshPlugins (0ms)
			BeforeProcessingInitializeOnLoad (89ms)
			ProcessInitializeOnLoadAttributes (301ms)
			ProcessInitializeOnLoadMethodAttributes (34ms)
			AfterProcessingInitializeOnLoad (12ms)
			EditorAssembliesLoaded (0ms)
		ExecutionOrderSort2 (0ms)
		AwakeInstancesAfterBackupRestoration (13ms)
Refreshing native plugins compatible for Editor in 6.51 ms, found 4 plugins.
Preloading 0 native plugins for Editor in 0.00 ms.
Unloading 4024 Unused Serialized files (Serialized files now loaded: 0)
Unloading 42 unused Assets / (217.0 KB). Loaded Objects now: 4523.
Memory consumption went from 154.4 MB to 154.2 MB.
Total: 3.220000 ms (FindLiveObjects: 0.364500 ms CreateObjectMapping: 0.094700 ms MarkObjects: 2.569600 ms  DeleteObjects: 0.190200 ms)

Prepare: number of updated asset objects reloaded= 0
AssetImportParameters requested are different than current active one (requested -> active):
  custom:container-demuxer-ogg: 62fdf1f143b41e24485cea50d1cbac27 -> 
  custom:video-codec-MediaFoundation-h265: 746d11721c4dcdbdad8f713fa42b33f4 -> 
  custom:video-decoder-ogg-theora: a1e56fd34408186e4bbccfd4996cb3dc -> 
  custom:framework-win-MediaFoundation: 216162199b28c13a410421893ffa2e32 -> 
  custom:CustomObjectIndexerAttribute: 756ad292c208cfabdd7b50bc23989ffe -> 
  custom:container-demuxer-webm: 4f35f7cbe854078d1ac9338744f61a02 -> 
  custom:container-muxer-webm: aa71ff27fc2769a1b78a27578f13a17b -> 
  custom:video-decoder-webm-vp8: 9c59270c3fd7afecdb556c50c9e8de78 -> 
  custom:SearchIndexIgnoredProperties: e643bd26f0fe6173181afceb89e7c659 -> 
  custom:AudioImporter_EditorPlatform: d09bf68614088b80899f8185d706f6e7 -> 
  custom:video-encoder-webm-vp8: eb34c28f22e8b96e1ab97ce403110664 -> 
  custom:audio-decoder-ogg-vorbis: bf7c407c2cedff20999df2af8eb42d56 -> 
  custom:audio-encoder-webm-vorbis: bf7c407c2cedff20999df2af8eb42d56 -> 
Editor requested this worker to shutdown with reason: Scaling down because of idle timeout
TcpMessagingSession - receive error: operation aborted. errorcode: 995, details: The I/O operation has been aborted because of either a thread exit or an application request.
AssetImportWorker is now disconnected from the server
Process exiting
Exiting without the bug reporter. Application will terminate with return code 0